<?xml version="1.0" encoding="UTF-8"?>
<testsuite xmlns:xsi="http://www.w3.org/2001/XMLSchema-instance" xsi:noNamespaceSchemaLocation="https://maven.apache.org/surefire/maven-surefire-plugin/xsd/surefire-test-report-3.0.xsd" version="3.0" name="com.care.project.ProjectApplicationTests" time="4.262" tests="1" errors="0" skipped="0" failures="0">
  <properties>
[...]
</properties>
  <testcase name="contextLoads" classname="com.care.project.ProjectApplicationTests" time="1.041">
    <system-out><![CDATA[20:47:03.830 [main] INFO org.springframework.test.context.support.AnnotationConfigContextLoaderUtils -- Could not detect default configuration classes for test class [com.care.project.ProjectApplicationTests]: ProjectApplicationTests does not declare any static, non-private, non-final, nested classes annotated with @Configuration.
20:47:03.946 [main] INFO org.springframework.boot.test.context.SpringBootTestContextBootstrapper -- Found @SpringBootConfiguration com.care.project.ProjectApplication for test class com.care.project.ProjectApplicationTests

  .   ____          _            __ _ _
 /\\ / ___'_ __ _ _(_)_ __  __ _ \ \ \ \
( ( )\___ | '_ | '_| | '_ \/ _` | \ \ \ \
 \\/  ___)| |_)| | | | | || (_| |  ) ) ) )
  '  |____| .__|_| |_|_| |_\__, | / / / /
 =========|_|==============|___/=/_/_/_/
 :: Spring Boot ::                (v3.1.4)

2023-12-14T20:47:04.413+09:00  INFO 21452 --- [           main] c.care.project.ProjectApplicationTests   : Starting ProjectApplicationTests using Java 17.0.8.1 with PID 21452 (started by haree in H:\1.WebProject_Malang\final\project)
2023-12-14T20:47:04.415+09:00  INFO 21452 --- [           main] c.care.project.ProjectApplicationTests   : No active profile set, falling back to 1 default profile: "default"
2023-12-14T20:47:06.641+09:00  INFO 21452 --- [           main] o.s.b.a.w.s.WelcomePageHandlerMapping    : Adding welcome page template: index
2023-12-14T20:47:06.891+09:00  INFO 21452 --- [           main] c.care.project.ProjectApplicationTests   : Started ProjectApplicationTests in 2.76 seconds (process running for 3.769)
]]></system-out>
  </testcase>
</testsuite>